[     333ms] [INFO] %cDownload the React DevTools for a better development experience: https://react.dev/link/react-devtools font-weight:bold @ http://localhost:3001/_next/static/chunks/0r_m_next_dist_13~aa_a._.js:2431
[     366ms] [LOG] [HMR] connected @ http://localhost:3001/_next/static/chunks/0r_m_next_dist_13~aa_a._.js:2431
[     515ms] [WARNING] Clerk: Clerk has been loaded with development keys. Development instances have strict usage limits and should not be used when deploying your application to production. Learn more: https://clerk.com/docs/deployments/overview @ http://localhost:3001/_next/static/chunks/0r_m_next_dist_13~aa_a._.js:2431
[    1206ms] [WARNING] Image with src "/name_logo.png" has either width or height modified, but not the other. If you use CSS to change the size of your image, also include the styles 'width: "auto"' or 'height: "auto"' to maintain the aspect ratio. @ http://localhost:3001/_next/static/chunks/0r_m_next_dist_13~aa_a._.js:2431
[    1337ms] Error: [CONVEX Q(orders:listOrders)] [Request ID: 7a2e1afe16a94608] Server Error
  Called by client
    at OptimisticQueryResults.queryResult (http://localhost:3001/_next/static/chunks/045c_convex_dist_esm_0-mau54._.js:2697:19)
    at BaseConvexClient.localQueryResult (http://localhost:3001/_next/static/chunks/045c_convex_dist_esm_0-mau54._.js:4546:44)
    at Object.localQueryResult (http://localhost:3001/_next/static/chunks/045c_convex_dist_esm_0-mau54._.js:6301:44)
    at QueriesObserver.getLocalResults (http://localhost:3001/_next/static/chunks/045c_convex_dist_esm_0-mau54._.js:6678:31)
    at useQueriesHelper.useMemo[subscription] (http://localhost:3001/_next/static/chunks/045c_convex_dist_esm_0-mau54._.js:6810:41)
    at useSubscription.useEffect.checkForUpdates (http://localhost:3001/_next/static/chunks/045c_convex_dist_esm_0-mau54._.js:6050:43)
    at basicStateReducer (http://localhost:3001/_next/static/chunks/0r_m_next_dist_compiled_react-dom_0i43cm-._.js:4797:47)
    at dispatchSetStateInternal (http://localhost:3001/_next/static/chunks/0r_m_next_dist_compiled_react-dom_0i43cm-._.js:5634:78)
    at dispatchSetState (http://localhost:3001/_next/static/chunks/0r_m_next_dist_compiled_react-dom_0i43cm-._.js:5615:9)
    at useSubscription.useEffect.checkForUpdates (http://localhost:3001/_next/static/chunks/045c_convex_dist_esm_0-mau54._.js:6045:21)
    at QueriesObserver.notifyListeners (http://localhost:3001/_next/static/chunks/045c_convex_dist_esm_0-mau54._.js:6745:13)
    at http://localhost:3001/_next/static/chunks/045c_convex_dist_esm_0-mau54._.js:6724:53
    at ConvexReactClient.transition (http://localhost:3001/_next/static/chunks/045c_convex_dist_esm_0-mau54._.js:6503:21)
    at ConvexReactClient.handleTransition (http://localhost:3001/_next/static/chunks/045c_convex_dist_esm_0-mau54._.js:6493:14)
    at PaginatedQueryClient.onTransition (http://localhost:3001/_next/static/chunks/045c_convex_dist_esm_0-mau54._.js:6214:363)
    at PaginatedQueryClient.onBaseTransition (http://localhost:3001/_next/static/chunks/045c_convex_dist_esm_0-mau54._.js:4975:14)
    at http://localhost:3001/_next/static/chunks/045c_convex_dist_esm_0-mau54._.js:4859:63
    at BaseConvexClient.handleTransition (http://localhost:3001/_next/static/chunks/045c_convex_dist_esm_0-mau54._.js:4453:13)
    at BaseConvexClient.notifyOnQueryResultChanges (http://localhost:3001/_next/static/chunks/045c_convex_dist_esm_0-mau54._.js:4433:14)
    at WebSocketManager.onMessage (http://localhost:3001/_next/static/chunks/045c_convex_dist_esm_0-mau54._.js:4344:34)
    at ws.onmessage (http://localhost:3001/_next/static/chunks/045c_convex_dist_esm_0-mau54._.js:3292:35)
[   29176ms] [LOG] [Fast Refresh] rebuilding @ http://localhost:3001/_next/static/chunks/0r_m_next_dist_13~aa_a._.js:2431
[   29218ms] [WARNING] [Fast Refresh] performing full reload because your application had an unrecoverable error @ http://localhost:3001/_next/static/chunks/0r_m_next_dist_13~aa_a._.js:2431
[   30289ms] [LOG] [Fast Refresh] done in 978ms @ http://localhost:3001/_next/static/chunks/0r_m_next_dist_13~aa_a._.js:2431
[   30820ms] [INFO] %cDownload the React DevTools for a better development experience: https://react.dev/link/react-devtools font-weight:bold @ http://localhost:3001/_next/static/chunks/0r_m_next_dist_13~aa_a._.js:2431
[   30850ms] [LOG] [HMR] connected @ http://localhost:3001/_next/static/chunks/0r_m_next_dist_13~aa_a._.js:2431
[   31029ms] [WARNING] Clerk: Clerk has been loaded with development keys. Development instances have strict usage limits and should not be used when deploying your application to production. Learn more: https://clerk.com/docs/deployments/overview @ http://localhost:3001/_next/static/chunks/0r_m_next_dist_13~aa_a._.js:2431
[   31083ms] [WARNING] Image with src "/name_logo.png" has either width or height modified, but not the other. If you use CSS to change the size of your image, also include the styles 'width: "auto"' or 'height: "auto"' to maintain the aspect ratio. @ http://localhost:3001/_next/static/chunks/0r_m_next_dist_13~aa_a._.js:2431
[   31356ms] Error: [CONVEX Q(orders:listOrders)] [Request ID: dc89e789e60effdd] Server Error
  Called by client
    at OptimisticQueryResults.queryResult (http://localhost:3001/_next/static/chunks/045c_convex_dist_esm_0-mau54._.js:2697:19)
    at BaseConvexClient.localQueryResult (http://localhost:3001/_next/static/chunks/045c_convex_dist_esm_0-mau54._.js:4546:44)
    at Object.localQueryResult (http://localhost:3001/_next/static/chunks/045c_convex_dist_esm_0-mau54._.js:6301:44)
    at QueriesObserver.getLocalResults (http://localhost:3001/_next/static/chunks/045c_convex_dist_esm_0-mau54._.js:6678:31)
    at useQueriesHelper.useMemo[subscription] (http://localhost:3001/_next/static/chunks/045c_convex_dist_esm_0-mau54._.js:6810:41)
    at useSubscription.useEffect.checkForUpdates (http://localhost:3001/_next/static/chunks/045c_convex_dist_esm_0-mau54._.js:6050:43)
    at basicStateReducer (http://localhost:3001/_next/static/chunks/0r_m_next_dist_compiled_react-dom_0i43cm-._.js:4797:47)
    at dispatchSetStateInternal (http://localhost:3001/_next/static/chunks/0r_m_next_dist_compiled_react-dom_0i43cm-._.js:5634:78)
    at dispatchSetState (http://localhost:3001/_next/static/chunks/0r_m_next_dist_compiled_react-dom_0i43cm-._.js:5615:9)
    at useSubscription.useEffect.checkForUpdates (http://localhost:3001/_next/static/chunks/045c_convex_dist_esm_0-mau54._.js:6045:21)
    at QueriesObserver.notifyListeners (http://localhost:3001/_next/static/chunks/045c_convex_dist_esm_0-mau54._.js:6745:13)
    at http://localhost:3001/_next/static/chunks/045c_convex_dist_esm_0-mau54._.js:6724:53
    at ConvexReactClient.transition (http://localhost:3001/_next/static/chunks/045c_convex_dist_esm_0-mau54._.js:6503:21)
    at ConvexReactClient.handleTransition (http://localhost:3001/_next/static/chunks/045c_convex_dist_esm_0-mau54._.js:6493:14)
    at PaginatedQueryClient.onTransition (http://localhost:3001/_next/static/chunks/045c_convex_dist_esm_0-mau54._.js:6214:363)
    at PaginatedQueryClient.onBaseTransition (http://localhost:3001/_next/static/chunks/045c_convex_dist_esm_0-mau54._.js:4975:14)
    at http://localhost:3001/_next/static/chunks/045c_convex_dist_esm_0-mau54._.js:4859:63
    at BaseConvexClient.handleTransition (http://localhost:3001/_next/static/chunks/045c_convex_dist_esm_0-mau54._.js:4453:13)
    at BaseConvexClient.notifyOnQueryResultChanges (http://localhost:3001/_next/static/chunks/045c_convex_dist_esm_0-mau54._.js:4433:14)
    at WebSocketManager.onMessage (http://localhost:3001/_next/static/chunks/045c_convex_dist_esm_0-mau54._.js:4344:34)
    at ws.onmessage (http://localhost:3001/_next/static/chunks/045c_convex_dist_esm_0-mau54._.js:3292:35)
[   43108ms] [LOG] [Fast Refresh] rebuilding @ http://localhost:3001/_next/static/chunks/0r_m_next_dist_13~aa_a._.js:2431
[   43109ms] [WARNING] [Fast Refresh] performing full reload because your application had an unrecoverable error @ http://localhost:3001/_next/static/chunks/0r_m_next_dist_13~aa_a._.js:2431
[   43170ms] [WARNING] [Fast Refresh] performing full reload because your application had an unrecoverable error @ http://localhost:3001/_next/static/chunks/0r_m_next_dist_13~aa_a._.js:2431
[   43173ms] [LOG] [Fast Refresh] done in 159ms @ http://localhost:3001/_next/static/chunks/0r_m_next_dist_13~aa_a._.js:2431
[   43748ms] [LOG] [Fast Refresh] rebuilding @ http://localhost:3001/_next/static/chunks/0r_m_next_dist_13~aa_a._.js:2431
[   43843ms] [LOG] [Fast Refresh] done in 195ms @ http://localhost:3001/_next/static/chunks/0r_m_next_dist_13~aa_a._.js:2431
[   44299ms] [INFO] %cDownload the React DevTools for a better development experience: https://react.dev/link/react-devtools font-weight:bold @ http://localhost:3001/_next/static/chunks/0r_m_next_dist_13~aa_a._.js:2431
[   44325ms] [LOG] [HMR] connected @ http://localhost:3001/_next/static/chunks/0r_m_next_dist_13~aa_a._.js:2431
[   44520ms] [WARNING] Clerk: Clerk has been loaded with development keys. Development instances have strict usage limits and should not be used when deploying your application to production. Learn more: https://clerk.com/docs/deployments/overview @ http://localhost:3001/_next/static/chunks/0r_m_next_dist_13~aa_a._.js:2431
[   44576ms] [WARNING] Image with src "/name_logo.png" has either width or height modified, but not the other. If you use CSS to change the size of your image, also include the styles 'width: "auto"' or 'height: "auto"' to maintain the aspect ratio. @ http://localhost:3001/_next/static/chunks/0r_m_next_dist_13~aa_a._.js:2431
[   44855ms] [ERROR] %o

%s Error: [CONVEX Q(orders:listOrders)] [Request ID: bde5c1106302805c] Server Error
  Called by client
    at OptimisticQueryResults.queryResult (http://localhost:3001/_next/static/chunks/045c_convex_dist_esm_0-mau54._.js:2697:19)
    at BaseConvexClient.localQueryResult (http://localhost:3001/_next/static/chunks/045c_convex_dist_esm_0-mau54._.js:4546:44)
    at Object.localQueryResult (http://localhost:3001/_next/static/chunks/045c_convex_dist_esm_0-mau54._.js:6301:44)
    at QueriesObserver.getLocalResults (http://localhost:3001/_next/static/chunks/045c_convex_dist_esm_0-mau54._.js:6678:31)
    at useQueriesHelper.useMemo[subscription] (http://localhost:3001/_next/static/chunks/045c_convex_dist_esm_0-mau54._.js:6810:41)
    at useSubscription.useEffect.checkForUpdates (http://localhost:3001/_next/static/chunks/045c_convex_dist_esm_0-mau54._.js:6050:43)
    at basicStateReducer (http://localhost:3001/_next/static/chunks/0r_m_next_dist_compiled_react-dom_0i43cm-._.js:4797:47)
    at updateReducerImpl (http://localhost:3001/_next/static/chunks/0r_m_next_dist_compiled_react-dom_0i43cm-._.js:4879:79)
    at updateReducer (http://localhost:3001/_next/static/chunks/0r_m_next_dist_compiled_react-dom_0i43cm-._.js:4829:16)
    at Object.useState (http://localhost:3001/_next/static/chunks/0r_m_next_dist_compiled_react-dom_0i43cm-._.js:15492:24)
    at exports.useState (http://localhost:3001/_next/static/chunks/0r_m_next_dist_compiled_0zagswi._.js:1754:36)
    at useSubscription (http://localhost:3001/_next/static/chunks/045c_convex_dist_esm_0-mau54._.js:6021:366)
    at useQueriesHelper (http://localhost:3001/_next/static/chunks/045c_convex_dist_esm_0-mau54._.js:6824:275)
    at useQueries (http://localhost:3001/_next/static/chunks/045c_convex_dist_esm_0-mau54._.js:6790:12)
    at useQuery (http://localhost:3001/_next/static/chunks/045c_convex_dist_esm_0-mau54._.js:6538:274)
    at OrderTable (http://localhost:3001/_next/static/chunks/apps_hq_src_11g-arb._.js:1251:266)
    at Object.react_stack_bottom_frame (http://localhost:3001/_next/static/chunks/0r_m_next_dist_compiled_react-dom_0i43cm-._.js:15037:24)
    at renderWithHooks (http://localhost:3001/_next/static/chunks/0r_m_next_dist_compiled_react-dom_0i43cm-._.js:4620:24)
    at updateFunctionComponent (http://localhost:3001/_next/static/chunks/0r_m_next_dist_compiled_react-dom_0i43cm-._.js:6081:21)
    at beginWork (http://localhost:3001/_next/static/chunks/0r_m_next_dist_compiled_react-dom_0i43cm-._.js:6691:24)
    at runWithFiberInDEV (http://localhost:3001/_next/static/chunks/0r_m_next_dist_compiled_react-dom_0i43cm-._.js:965:74)
    at performUnitOfWork (http://localhost:3001/_next/static/chunks/0r_m_next_dist_compiled_react-dom_0i43cm-._.js:9555:97)
    at workLoopSync (http://localhost:3001/_next/static/chunks/0r_m_next_dist_compiled_react-dom_0i43cm-._.js:9449:40)
    at renderRootSync (http://localhost:3001/_next/static/chunks/0r_m_next_dist_compiled_react-dom_0i43cm-._.js:9433:13)
    at performWorkOnRoot (http://localhost:3001/_next/static/chunks/0r_m_next_dist_compiled_react-dom_0i43cm-._.js:9098:47)
    at performWorkOnRootViaSchedulerTask (http://localhost:3001/_next/static/chunks/0r_m_next_dist_compiled_react-dom_0i43cm-._.js:10255:9)
    at MessagePort.performWorkUntilDeadline (http://localhost:3001/_next/static/chunks/0r_m_next_dist_compiled_0zagswi._.js:2647:64) The above error occurred in the <OrderTable> component. It was handled by the <ErrorBoundaryHandler> error boundary. @ http://localhost:3001/_next/static/chunks/0r_m_next_dist_client_0w_.via._.js:1998
[   73245ms] [LOG] [Fast Refresh] rebuilding @ http://localhost:3001/_next/static/chunks/0r_m_next_dist_13~aa_a._.js:2431
[   73282ms] [LOG] [Fast Refresh] done in 93ms @ http://localhost:3001/_next/static/chunks/0r_m_next_dist_13~aa_a._.js:2431
