[     884ms] [INFO] Loading the script 'https://full-sheep-1.clerk.accounts.dev/npm/@clerk/clerk-js@6/dist/clerk.browser.js' violates the following Content Security Policy directive: "script-src 'none'". Note that 'script-src-elem' was not explicitly set, so 'script-src' is used as a fallback. The policy is report-only, so the violation has been logged but no further action has been taken. @ https://full-sheep-1.accounts.dev/sign-in?redirect_url=http%3A%2F%2Flocalhost%3A3001%2Fdashboard&__clerk_db_jwt=dvb_3C0jwPzseIdZ3fEhiMfGQhuuFCG:0
[     885ms] [INFO] Loading the script 'https://full-sheep-1.accounts.dev/_next/static/chunks/webpack-317eb0ad8f208275.js' violates the following Content Security Policy directive: "script-src 'none'". Note that 'script-src-elem' was not explicitly set, so 'script-src' is used as a fallback. The policy is report-only, so the violation has been logged but no further action has been taken. @ https://full-sheep-1.accounts.dev/sign-in?redirect_url=http%3A%2F%2Flocalhost%3A3001%2Fdashboard&__clerk_db_jwt=dvb_3C0jwPzseIdZ3fEhiMfGQhuuFCG:0
[     885ms] [INFO] Loading the script 'https://full-sheep-1.accounts.dev/_next/static/chunks/framework-155d793edb9d37ef.js' violates the following Content Security Policy directive: "script-src 'none'". Note that 'script-src-elem' was not explicitly set, so 'script-src' is used as a fallback. The policy is report-only, so the violation has been logged but no further action has been taken. @ https://full-sheep-1.accounts.dev/sign-in?redirect_url=http%3A%2F%2Flocalhost%3A3001%2Fdashboard&__clerk_db_jwt=dvb_3C0jwPzseIdZ3fEhiMfGQhuuFCG:0
[     885ms] [INFO] Loading the script 'https://full-sheep-1.accounts.dev/_next/static/chunks/main-35a940d1756f31eb.js' violates the following Content Security Policy directive: "script-src 'none'". Note that 'script-src-elem' was not explicitly set, so 'script-src' is used as a fallback. The policy is report-only, so the violation has been logged but no further action has been taken. @ https://full-sheep-1.accounts.dev/sign-in?redirect_url=http%3A%2F%2Flocalhost%3A3001%2Fdashboard&__clerk_db_jwt=dvb_3C0jwPzseIdZ3fEhiMfGQhuuFCG:0
[     886ms] [INFO] Loading the script 'https://full-sheep-1.accounts.dev/_next/static/chunks/pages/_app-2fc9629367be2ce2.js' violates the following Content Security Policy directive: "script-src 'none'". Note that 'script-src-elem' was not explicitly set, so 'script-src' is used as a fallback. The policy is report-only, so the violation has been logged but no further action has been taken. @ https://full-sheep-1.accounts.dev/sign-in?redirect_url=http%3A%2F%2Flocalhost%3A3001%2Fdashboard&__clerk_db_jwt=dvb_3C0jwPzseIdZ3fEhiMfGQhuuFCG:0
[     886ms] [INFO] Loading the script 'https://full-sheep-1.accounts.dev/_next/static/chunks/pages/sign-in/%5B%5B...index%5D%5D-4030aec4ec594406.js' violates the following Content Security Policy directive: "script-src 'none'". Note that 'script-src-elem' was not explicitly set, so 'script-src' is used as a fallback. The policy is report-only, so the violation has been logged but no further action has been taken. @ https://full-sheep-1.accounts.dev/sign-in?redirect_url=http%3A%2F%2Flocalhost%3A3001%2Fdashboard&__clerk_db_jwt=dvb_3C0jwPzseIdZ3fEhiMfGQhuuFCG:0
[     886ms] [INFO] Loading the script 'https://full-sheep-1.accounts.dev/_next/static/xQXC2BqIRcKCkN9SP8dwP/_buildManifest.js' violates the following Content Security Policy directive: "script-src 'none'". Note that 'script-src-elem' was not explicitly set, so 'script-src' is used as a fallback. The policy is report-only, so the violation has been logged but no further action has been taken. @ https://full-sheep-1.accounts.dev/sign-in?redirect_url=http%3A%2F%2Flocalhost%3A3001%2Fdashboard&__clerk_db_jwt=dvb_3C0jwPzseIdZ3fEhiMfGQhuuFCG:0
[     886ms] [INFO] Loading the script 'https://full-sheep-1.accounts.dev/_next/static/xQXC2BqIRcKCkN9SP8dwP/_ssgManifest.js' violates the following Content Security Policy directive: "script-src 'none'". Note that 'script-src-elem' was not explicitly set, so 'script-src' is used as a fallback. The policy is report-only, so the violation has been logged but no further action has been taken. @ https://full-sheep-1.accounts.dev/sign-in?redirect_url=http%3A%2F%2Flocalhost%3A3001%2Fdashboard&__clerk_db_jwt=dvb_3C0jwPzseIdZ3fEhiMfGQhuuFCG:0
[     887ms] [INFO] Executing inline script violates the following Content Security Policy directive 'script-src 'none''. Either the 'unsafe-inline' keyword, a hash ('sha256-yQWqdwovNDV2+w9mGe3tBUaKM3z6lshOj1l8+4UA8DE='), or a nonce ('nonce-...') is required to enable inline execution. The policy is report-only, so the violation has been logged but no further action has been taken. @ https://full-sheep-1.accounts.dev/sign-in?redirect_url=http%3A%2F%2Flocalhost%3A3001%2Fdashboard&__clerk_db_jwt=dvb_3C0jwPzseIdZ3fEhiMfGQhuuFCG:6
[     929ms] [INFO] Loading the script 'https://full-sheep-1.clerk.accounts.dev/npm/@clerk/clerk-js@6.7.4/dist/clerk.browser.js' violates the following Content Security Policy directive: "script-src 'none'". Note that 'script-src-elem' was not explicitly set, so 'script-src' is used as a fallback. The policy is report-only, so the violation has been logged but no further action has been taken. @ https://full-sheep-1.accounts.dev/sign-in?redirect_url=http%3A%2F%2Flocalhost%3A3001%2Fdashboard&__clerk_db_jwt=dvb_3C0jwPzseIdZ3fEhiMfGQhuuFCG:0
[     959ms] [INFO] Loading the script 'https://full-sheep-1.clerk.accounts.dev/npm/@clerk/ui@1/dist/ui.browser.js' violates the following Content Security Policy directive: "script-src 'none'". Note that 'script-src-elem' was not explicitly set, so 'script-src' is used as a fallback. The policy is report-only, so the violation has been logged but no further action has been taken. @ https://full-sheep-1.accounts.dev/sign-in?redirect_url=http%3A%2F%2Flocalhost%3A3001%2Fdashboard&__clerk_db_jwt=dvb_3C0jwPzseIdZ3fEhiMfGQhuuFCG:6
[    1088ms] [INFO] Connecting to 'https://o449981.ingest.us.sentry.io/api/4508852298842113/envelope/?sentry_version=7&sentry_key=23caec1f1636630cc3df8a753b1979eb&sentry_client=sentry.javascript.nextjs%2F10.42.0' violates the following Content Security Policy directive: "connect-src 'none'". The policy is report-only, so the violation has been logged but no further action has been taken. @ https://full-sheep-1.accounts.dev/_next/static/chunks/pages/_app-2fc9629367be2ce2.js:14
[    1088ms] [INFO] Connecting to 'https://o449981.ingest.us.sentry.io/api/4508852298842113/envelope/?sentry_version=7&sentry_key=23caec1f1636630cc3df8a753b1979eb&sentry_client=sentry.javascript.nextjs%2F10.42.0' violates the following Content Security Policy directive: "connect-src 'none'". The policy is report-only, so the violation has been logged but no further action has been taken. @ https://full-sheep-1.accounts.dev/_next/static/chunks/pages/_app-2fc9629367be2ce2.js:14
[    1115ms] [ERROR]  Note that 'script-src' was not explicitly set, so 'default-src' is used as a fallback. @ https://full-sheep-1.accounts.dev/_next/static/chunks/pages/_app-2fc9629367be2ce2.js:18
[    1116ms] [INFO] Evaluating a string as JavaScript violates the following Content Security Policy directive because 'unsafe-eval' is not an allowed source of script: "script-src 'none'".
 The policy is report-only, so the violation has been logged but no further action has been taken. @ https://full-sheep-1.accounts.dev/_next/static/chunks/pages/_app-2fc9629367be2ce2.js:18
[    1137ms] [INFO] Connecting to 'https://scdn.clerk.com/v1/projects/GHC5j9EImlsFgFvR5x9jlj4XissduHpH/settings' violates the following Content Security Policy directive: "connect-src 'none'". The policy is report-only, so the violation has been logged but no further action has been taken. @ https://full-sheep-1.accounts.dev/_next/static/chunks/pages/_app-2fc9629367be2ce2.js:14
[    1138ms] [INFO] Connecting to 'https://scdn.clerk.com/v1/projects/GHC5j9EImlsFgFvR5x9jlj4XissduHpH/settings' violates the following Content Security Policy directive: "connect-src 'none'". The policy is report-only, so the violation has been logged but no further action has been taken. @ https://full-sheep-1.accounts.dev/_next/static/chunks/pages/_app-2fc9629367be2ce2.js:14
[    1142ms] [INFO] Connecting to 'https://o449981.ingest.us.sentry.io/api/4508852298842113/envelope/?sentry_version=7&sentry_key=23caec1f1636630cc3df8a753b1979eb&sentry_client=sentry.javascript.nextjs%2F10.42.0' violates the following Content Security Policy directive: "connect-src 'none'". The policy is report-only, so the violation has been logged but no further action has been taken. @ https://full-sheep-1.accounts.dev/_next/static/chunks/pages/_app-2fc9629367be2ce2.js:14
[    1142ms] [INFO] Connecting to 'https://o449981.ingest.us.sentry.io/api/4508852298842113/envelope/?sentry_version=7&sentry_key=23caec1f1636630cc3df8a753b1979eb&sentry_client=sentry.javascript.nextjs%2F10.42.0' violates the following Content Security Policy directive: "connect-src 'none'". The policy is report-only, so the violation has been logged but no further action has been taken. @ https://full-sheep-1.accounts.dev/_next/static/chunks/pages/_app-2fc9629367be2ce2.js:14
[    1143ms] [INFO] Connecting to 'https://o449981.ingest.us.sentry.io/api/4508852298842113/envelope/?sentry_version=7&sentry_key=23caec1f1636630cc3df8a753b1979eb&sentry_client=sentry.javascript.nextjs%2F10.42.0' violates the following Content Security Policy directive: "connect-src 'none'". The policy is report-only, so the violation has been logged but no further action has been taken. @ https://full-sheep-1.accounts.dev/_next/static/chunks/pages/_app-2fc9629367be2ce2.js:14
[    1143ms] [INFO] Connecting to 'https://o449981.ingest.us.sentry.io/api/4508852298842113/envelope/?sentry_version=7&sentry_key=23caec1f1636630cc3df8a753b1979eb&sentry_client=sentry.javascript.nextjs%2F10.42.0' violates the following Content Security Policy directive: "connect-src 'none'". The policy is report-only, so the violation has been logged but no further action has been taken. @ https://full-sheep-1.accounts.dev/_next/static/chunks/pages/_app-2fc9629367be2ce2.js:14
[    1261ms] [INFO] Loading the script 'https://full-sheep-1.clerk.accounts.dev/npm/@clerk/ui@1/dist/ui.browser.js' violates the following Content Security Policy directive: "script-src 'none'". Note that 'script-src-elem' was not explicitly set, so 'script-src' is used as a fallback. The policy is report-only, so the violation has been logged but no further action has been taken. @ https://full-sheep-1.accounts.dev/_next/static/chunks/pages/_app-2fc9629367be2ce2.js:31
[    1358ms] [INFO] Connecting to 'https://segapi.clerk.com/v1/p' violates the following Content Security Policy directive: "connect-src 'none'". The policy is report-only, so the violation has been logged but no further action has been taken. @ https://full-sheep-1.accounts.dev/_next/static/chunks/pages/_app-2fc9629367be2ce2.js:14
[    1358ms] [INFO] Connecting to 'https://segapi.clerk.com/v1/p' violates the following Content Security Policy directive: "connect-src 'none'". The policy is report-only, so the violation has been logged but no further action has been taken. @ https://full-sheep-1.accounts.dev/_next/static/chunks/pages/_app-2fc9629367be2ce2.js:14
[    1362ms] [WARNING] Clerk: Clerk has been loaded with development keys. Development instances have strict usage limits and should not be used when deploying your application to production. Learn more: https://clerk.com/docs/deployments/overview @ https://full-sheep-1.accounts.dev/_next/static/chunks/pages/_app-2fc9629367be2ce2.js:14
[    1365ms] [INFO] Creating a worker from 'blob:https://full-sheep-1.accounts.dev/3572a4f2-95fb-4dec-bd09-2e40ddb3f202' violates the following Content Security Policy directive: "script-src 'none'". Note that 'worker-src' was not explicitly set, so 'script-src' is used as a fallback. The policy is report-only, so the violation has been logged but no further action has been taken. @ https://full-sheep-1.clerk.accounts.dev/npm/@clerk/clerk-js@6/dist/clerk.browser.js:17
[    1367ms] [INFO] Connecting to 'https://o449981.ingest.us.sentry.io/api/4508852298842113/envelope/?sentry_version=7&sentry_key=23caec1f1636630cc3df8a753b1979eb&sentry_client=sentry.javascript.nextjs%2F10.42.0' violates the following Content Security Policy directive: "connect-src 'none'". The policy is report-only, so the violation has been logged but no further action has been taken. @ https://full-sheep-1.accounts.dev/_next/static/chunks/pages/_app-2fc9629367be2ce2.js:14
[    1367ms] [INFO] Connecting to 'https://o449981.ingest.us.sentry.io/api/4508852298842113/envelope/?sentry_version=7&sentry_key=23caec1f1636630cc3df8a753b1979eb&sentry_client=sentry.javascript.nextjs%2F10.42.0' violates the following Content Security Policy directive: "connect-src 'none'". The policy is report-only, so the violation has been logged but no further action has been taken. @ https://full-sheep-1.accounts.dev/_next/static/chunks/pages/_app-2fc9629367be2ce2.js:14
[    1367ms] [INFO] Connecting to 'https://o449981.ingest.us.sentry.io/api/4508852298842113/envelope/?sentry_version=7&sentry_key=23caec1f1636630cc3df8a753b1979eb&sentry_client=sentry.javascript.nextjs%2F10.42.0' violates the following Content Security Policy directive: "connect-src 'none'". The policy is report-only, so the violation has been logged but no further action has been taken. @ https://full-sheep-1.accounts.dev/_next/static/chunks/pages/_app-2fc9629367be2ce2.js:14
[    1368ms] [INFO] Connecting to 'https://o449981.ingest.us.sentry.io/api/4508852298842113/envelope/?sentry_version=7&sentry_key=23caec1f1636630cc3df8a753b1979eb&sentry_client=sentry.javascript.nextjs%2F10.42.0' violates the following Content Security Policy directive: "connect-src 'none'". The policy is report-only, so the violation has been logged but no further action has been taken. @ https://full-sheep-1.accounts.dev/_next/static/chunks/pages/_app-2fc9629367be2ce2.js:14
[    1372ms] [INFO] Connecting to 'https://full-sheep-1.clerk.accounts.dev/v1/environment?__clerk_api_version=2025-11-10&_clerk_js_version=6.7.4&__clerk_db_jwt=dvb_3C0jwPzseIdZ3fEhiMfGQhuuFCG' violates the following Content Security Policy directive: "connect-src 'none'". The policy is report-only, so the violation has been logged but no further action has been taken. @ https://full-sheep-1.accounts.dev/_next/static/chunks/pages/_app-2fc9629367be2ce2.js:14
[    1372ms] [INFO] Connecting to 'https://full-sheep-1.clerk.accounts.dev/v1/environment?__clerk_api_version=2025-11-10&_clerk_js_version=6.7.4&__clerk_db_jwt=dvb_3C0jwPzseIdZ3fEhiMfGQhuuFCG' violates the following Content Security Policy directive: "connect-src 'none'". The policy is report-only, so the violation has been logged but no further action has been taken. @ https://full-sheep-1.accounts.dev/_next/static/chunks/pages/_app-2fc9629367be2ce2.js:14
[    1373ms] [INFO] Connecting to 'https://full-sheep-1.clerk.accounts.dev/v1/client?__clerk_api_version=2025-11-10&_clerk_js_version=6.7.4&__clerk_db_jwt=dvb_3C0jwPzseIdZ3fEhiMfGQhuuFCG' violates the following Content Security Policy directive: "connect-src 'none'". The policy is report-only, so the violation has been logged but no further action has been taken. @ https://full-sheep-1.accounts.dev/_next/static/chunks/pages/_app-2fc9629367be2ce2.js:14
[    1373ms] [INFO] Connecting to 'https://full-sheep-1.clerk.accounts.dev/v1/client?__clerk_api_version=2025-11-10&_clerk_js_version=6.7.4&__clerk_db_jwt=dvb_3C0jwPzseIdZ3fEhiMfGQhuuFCG' violates the following Content Security Policy directive: "connect-src 'none'". The policy is report-only, so the violation has been logged but no further action has been taken. @ https://full-sheep-1.accounts.dev/_next/static/chunks/pages/_app-2fc9629367be2ce2.js:14
[    1383ms] [INFO] Connecting to 'https://clerk-telemetry.com/v1/event' violates the following Content Security Policy directive: "connect-src 'none'". The policy is report-only, so the violation has been logged but no further action has been taken. @ https://full-sheep-1.accounts.dev/_next/static/chunks/pages/_app-2fc9629367be2ce2.js:14
[    1384ms] [INFO] Connecting to 'https://clerk-telemetry.com/v1/event' violates the following Content Security Policy directive: "connect-src 'none'". The policy is report-only, so the violation has been logged but no further action has been taken. @ https://full-sheep-1.accounts.dev/_next/static/chunks/pages/_app-2fc9629367be2ce2.js:14
[    1485ms] [INFO] Creating a worker from 'blob:https://full-sheep-1.accounts.dev/3023db9d-a92a-4b75-839a-c14b4e197b1b' violates the following Content Security Policy directive: "script-src 'none'". Note that 'worker-src' was not explicitly set, so 'script-src' is used as a fallback. The policy is report-only, so the violation has been logged but no further action has been taken. @ https://full-sheep-1.clerk.accounts.dev/npm/@clerk/clerk-js@6/dist/clerk.browser.js:17
[    1488ms] [INFO] Loading the script 'https://full-sheep-1.clerk.accounts.dev/npm/@clerk/ui@1.6.3/dist/framework_ui_3aaa30_1.6.3.js' violates the following Content Security Policy directive: "script-src 'none'". Note that 'script-src-elem' was not explicitly set, so 'script-src' is used as a fallback. The policy is report-only, so the violation has been logged but no further action has been taken. @ https://full-sheep-1.clerk.accounts.dev/npm/@clerk/ui@1/dist/ui.browser.js:20
[    1489ms] [INFO] Loading the script 'https://full-sheep-1.clerk.accounts.dev/npm/@clerk/ui@1.6.3/dist/ui-common_ui_3aaa30_1.6.3.js' violates the following Content Security Policy directive: "script-src 'none'". Note that 'script-src-elem' was not explicitly set, so 'script-src' is used as a fallback. The policy is report-only, so the violation has been logged but no further action has been taken. @ https://full-sheep-1.clerk.accounts.dev/npm/@clerk/ui@1/dist/ui.browser.js:20
[    1493ms] [INFO] Loading the script 'https://full-sheep-1.clerk.accounts.dev/npm/@clerk/ui@1.6.3/dist/vendors_ui_3aaa30_1.6.3.js' violates the following Content Security Policy directive: "script-src 'none'". Note that 'script-src-elem' was not explicitly set, so 'script-src' is used as a fallback. The policy is report-only, so the violation has been logged but no further action has been taken. @ https://full-sheep-1.clerk.accounts.dev/npm/@clerk/ui@1/dist/ui.browser.js:20
[    1494ms] [INFO] Loading the script 'https://full-sheep-1.clerk.accounts.dev/npm/@clerk/ui@1.6.3/dist/signup_ui_3aaa30_1.6.3.js' violates the following Content Security Policy directive: "script-src 'none'". Note that 'script-src-elem' was not explicitly set, so 'script-src' is used as a fallback. The policy is report-only, so the violation has been logged but no further action has been taken. @ https://full-sheep-1.clerk.accounts.dev/npm/@clerk/ui@1/dist/ui.browser.js:20
[    1494ms] [INFO] Loading the script 'https://full-sheep-1.clerk.accounts.dev/npm/@clerk/ui@1.6.3/dist/444_ui_3aaa30_1.6.3.js' violates the following Content Security Policy directive: "script-src 'none'". Note that 'script-src-elem' was not explicitly set, so 'script-src' is used as a fallback. The policy is report-only, so the violation has been logged but no further action has been taken. @ https://full-sheep-1.clerk.accounts.dev/npm/@clerk/ui@1/dist/ui.browser.js:20
[    1495ms] [INFO] Loading the script 'https://full-sheep-1.clerk.accounts.dev/npm/@clerk/ui@1.6.3/dist/signin_ui_3aaa30_1.6.3.js' violates the following Content Security Policy directive: "script-src 'none'". Note that 'script-src-elem' was not explicitly set, so 'script-src' is used as a fallback. The policy is report-only, so the violation has been logged but no further action has been taken. @ https://full-sheep-1.clerk.accounts.dev/npm/@clerk/ui@1/dist/ui.browser.js:20
[    1497ms] [INFO] Connecting to 'https://clerk-telemetry.com/v1/event' violates the following Content Security Policy directive: "connect-src 'none'". The policy is report-only, so the violation has been logged but no further action has been taken. @ https://full-sheep-1.accounts.dev/_next/static/chunks/pages/_app-2fc9629367be2ce2.js:14
[    1497ms] [INFO] Connecting to 'https://clerk-telemetry.com/v1/event' violates the following Content Security Policy directive: "connect-src 'none'". The policy is report-only, so the violation has been logged but no further action has been taken. @ https://full-sheep-1.accounts.dev/_next/static/chunks/pages/_app-2fc9629367be2ce2.js:14
[    1673ms] [INFO] Loading the script 'https://full-sheep-1.clerk.accounts.dev/npm/@clerk/ui@1.6.3/dist/subscriptionDetails_ui_3aaa30_1.6.3.js' violates the following Content Security Policy directive: "script-src 'none'". Note that 'script-src-elem' was not explicitly set, so 'script-src' is used as a fallback. The policy is report-only, so the violation has been logged but no further action has been taken. @ https://full-sheep-1.clerk.accounts.dev/npm/@clerk/ui@1/dist/ui.browser.js:20
[    1676ms] [INFO] Loading the script 'https://full-sheep-1.clerk.accounts.dev/npm/@clerk/ui@1.6.3/dist/360_ui_3aaa30_1.6.3.js' violates the following Content Security Policy directive: "script-src 'none'". Note that 'script-src-elem' was not explicitly set, so 'script-src' is used as a fallback. The policy is report-only, so the violation has been logged but no further action has been taken. @ https://full-sheep-1.clerk.accounts.dev/npm/@clerk/ui@1/dist/ui.browser.js:20
[    1679ms] [WARNING] Clerk: Structural CSS detected that may break on updates.

Found:
  - CSS "body.cl-component"
  - CSS ".cl-component .button:focus-visible"

These selectors depend on the internal DOM structure of Clerk's components, which may change when Clerk deploys component updates.
To prevent breaking changes, install @clerk/ui and pass it to ClerkProvider:

  import { ui } from '@clerk/ui'
  <ClerkProvider ui={ui}>

Learn more: https://clerk.com/docs/reference/components/versioning
(code=structural_css_pin_clerk_ui) @ https://full-sheep-1.accounts.dev/_next/static/chunks/pages/_app-2fc9629367be2ce2.js:14
[    1683ms] [INFO] Connecting to 'https://clerk-telemetry.com/v1/event' violates the following Content Security Policy directive: "connect-src 'none'". The policy is report-only, so the violation has been logged but no further action has been taken. @ https://full-sheep-1.accounts.dev/_next/static/chunks/pages/_app-2fc9629367be2ce2.js:14
[    1683ms] [INFO] Connecting to 'https://clerk-telemetry.com/v1/event' violates the following Content Security Policy directive: "connect-src 'none'". The policy is report-only, so the violation has been logged but no further action has been taken. @ https://full-sheep-1.accounts.dev/_next/static/chunks/pages/_app-2fc9629367be2ce2.js:14
[    1897ms] [VERBOSE] [DOM] Input elements should have autocomplete attributes (suggested: "current-password"): (More info: https://goo.gl/9p2vKq) %o @ https://full-sheep-1.accounts.dev/sign-in?redirect_url=http%3A%2F%2Flocalhost%3A3001%2Fdashboard:0
[   25451ms] [INFO] Connecting to 'https://full-sheep-1.clerk.accounts.dev/v1/client/sign_ins?__clerk_api_version=2025-11-10&_clerk_js_version=6.7.4&__clerk_db_jwt=dvb_3C0jwPzseIdZ3fEhiMfGQhuuFCG' violates the following Content Security Policy directive: "connect-src 'none'". The policy is report-only, so the violation has been logged but no further action has been taken. @ https://full-sheep-1.accounts.dev/_next/static/chunks/pages/_app-2fc9629367be2ce2.js:14
[   25451ms] [INFO] Connecting to 'https://full-sheep-1.clerk.accounts.dev/v1/client/sign_ins?__clerk_api_version=2025-11-10&_clerk_js_version=6.7.4&__clerk_db_jwt=dvb_3C0jwPzseIdZ3fEhiMfGQhuuFCG' violates the following Content Security Policy directive: "connect-src 'none'". The policy is report-only, so the violation has been logged but no further action has been taken. @ https://full-sheep-1.accounts.dev/_next/static/chunks/pages/_app-2fc9629367be2ce2.js:14
[   25639ms] [INFO] Connecting to 'https://o449981.ingest.us.sentry.io/api/4508852298842113/envelope/?sentry_version=7&sentry_key=23caec1f1636630cc3df8a753b1979eb&sentry_client=sentry.javascript.nextjs%2F10.42.0' violates the following Content Security Policy directive: "connect-src 'none'". The policy is report-only, so the violation has been logged but no further action has been taken. @ https://full-sheep-1.accounts.dev/_next/static/chunks/pages/_app-2fc9629367be2ce2.js:14
[   25639ms] [INFO] Connecting to 'https://o449981.ingest.us.sentry.io/api/4508852298842113/envelope/?sentry_version=7&sentry_key=23caec1f1636630cc3df8a753b1979eb&sentry_client=sentry.javascript.nextjs%2F10.42.0' violates the following Content Security Policy directive: "connect-src 'none'". The policy is report-only, so the violation has been logged but no further action has been taken. @ https://full-sheep-1.accounts.dev/_next/static/chunks/pages/_app-2fc9629367be2ce2.js:14
[   25640ms] [INFO] Connecting to 'https://o449981.ingest.us.sentry.io/api/4508852298842113/envelope/?sentry_version=7&sentry_key=23caec1f1636630cc3df8a753b1979eb&sentry_client=sentry.javascript.nextjs%2F10.42.0' violates the following Content Security Policy directive: "connect-src 'none'". The policy is report-only, so the violation has been logged but no further action has been taken. @ https://full-sheep-1.accounts.dev/_next/static/chunks/pages/_app-2fc9629367be2ce2.js:14
[   25640ms] [INFO] Connecting to 'https://o449981.ingest.us.sentry.io/api/4508852298842113/envelope/?sentry_version=7&sentry_key=23caec1f1636630cc3df8a753b1979eb&sentry_client=sentry.javascript.nextjs%2F10.42.0' violates the following Content Security Policy directive: "connect-src 'none'". The policy is report-only, so the violation has been logged but no further action has been taken. @ https://full-sheep-1.accounts.dev/_next/static/chunks/pages/_app-2fc9629367be2ce2.js:14
[   25674ms] [INFO] Connecting to 'https://full-sheep-1.clerk.accounts.dev/v1/client/sign_ins/sia_3CfmE1pC5uhEeGamJaJQ8NPKCiz/prepare_first_factor?__clerk_api_version=2025-11-10&_clerk_js_version=6.7.4&__clerk_db_jwt=dvb_3C0jwPzseIdZ3fEhiMfGQhuuFCG' violates the following Content Security Policy directive: "connect-src 'none'". The policy is report-only, so the violation has been logged but no further action has been taken. @ https://full-sheep-1.accounts.dev/_next/static/chunks/pages/_app-2fc9629367be2ce2.js:14
[   25674ms] [INFO] Connecting to 'https://full-sheep-1.clerk.accounts.dev/v1/client/sign_ins/sia_3CfmE1pC5uhEeGamJaJQ8NPKCiz/prepare_first_factor?__clerk_api_version=2025-11-10&_clerk_js_version=6.7.4&__clerk_db_jwt=dvb_3C0jwPzseIdZ3fEhiMfGQhuuFCG' violates the following Content Security Policy directive: "connect-src 'none'". The policy is report-only, so the violation has been logged but no further action has been taken. @ https://full-sheep-1.accounts.dev/_next/static/chunks/pages/_app-2fc9629367be2ce2.js:14
[   34558ms] [INFO] Connecting to 'https://full-sheep-1.clerk.accounts.dev/v1/client/sign_ins/sia_3CfmE1pC5uhEeGamJaJQ8NPKCiz/attempt_first_factor?__clerk_api_version=2025-11-10&_clerk_js_version=6.7.4&__clerk_db_jwt=dvb_3C0jwPzseIdZ3fEhiMfGQhuuFCG' violates the following Content Security Policy directive: "connect-src 'none'". The policy is report-only, so the violation has been logged but no further action has been taken. @ https://full-sheep-1.accounts.dev/_next/static/chunks/pages/_app-2fc9629367be2ce2.js:14
[   34558ms] [INFO] Connecting to 'https://full-sheep-1.clerk.accounts.dev/v1/client/sign_ins/sia_3CfmE1pC5uhEeGamJaJQ8NPKCiz/attempt_first_factor?__clerk_api_version=2025-11-10&_clerk_js_version=6.7.4&__clerk_db_jwt=dvb_3C0jwPzseIdZ3fEhiMfGQhuuFCG' violates the following Content Security Policy directive: "connect-src 'none'". The policy is report-only, so the violation has been logged but no further action has been taken. @ https://full-sheep-1.accounts.dev/_next/static/chunks/pages/_app-2fc9629367be2ce2.js:14
[   35699ms] [INFO] Connecting to 'https://full-sheep-1.clerk.accounts.dev/v1/client/sessions/sess_3CfmF8imDzqrmHF6gS0YgtdWYXx/touch?__clerk_api_version=2025-11-10&_clerk_js_version=6.7.4&__clerk_db_jwt=dvb_3C0jwPzseIdZ3fEhiMfGQhuuFCG' violates the following Content Security Policy directive: "connect-src 'none'". The policy is report-only, so the violation has been logged but no further action has been taken. @ https://full-sheep-1.accounts.dev/_next/static/chunks/pages/_app-2fc9629367be2ce2.js:14
[   35700ms] [INFO] Connecting to 'https://full-sheep-1.clerk.accounts.dev/v1/client/sessions/sess_3CfmF8imDzqrmHF6gS0YgtdWYXx/touch?__clerk_api_version=2025-11-10&_clerk_js_version=6.7.4&__clerk_db_jwt=dvb_3C0jwPzseIdZ3fEhiMfGQhuuFCG' violates the following Content Security Policy directive: "connect-src 'none'". The policy is report-only, so the violation has been logged but no further action has been taken. @ https://full-sheep-1.accounts.dev/_next/static/chunks/pages/_app-2fc9629367be2ce2.js:14
[   36499ms] [INFO] %cDownload the React DevTools for a better development experience: https://react.dev/link/react-devtools font-weight:bold @ http://localhost:3001/_next/static/chunks/0r_m_next_dist_13~aa_a._.js:2431
[   36551ms] [LOG] [HMR] connected @ http://localhost:3001/_next/static/chunks/0r_m_next_dist_13~aa_a._.js:2431
[   36715ms] [WARNING] Clerk: Clerk has been loaded with development keys. Development instances have strict usage limits and should not be used when deploying your application to production. Learn more: https://clerk.com/docs/deployments/overview @ http://localhost:3001/_next/static/chunks/0r_m_next_dist_13~aa_a._.js:2431
[   36772ms] [LOG] [Fast Refresh] rebuilding @ http://localhost:3001/_next/static/chunks/0r_m_next_dist_13~aa_a._.js:2431
[   36814ms] [LOG] [Fast Refresh] done in 210ms @ http://localhost:3001/_next/static/chunks/0r_m_next_dist_13~aa_a._.js:2431
[   37523ms] Error: [CONVEX Q(orders:listOrders)] [Request ID: d8359aead4473107] Server Error
  Called by client
    at OptimisticQueryResults.queryResult (http://localhost:3001/_next/static/chunks/045c_convex_dist_esm_0-mau54._.js:2697:19)
    at BaseConvexClient.localQueryResult (http://localhost:3001/_next/static/chunks/045c_convex_dist_esm_0-mau54._.js:4546:44)
    at Object.localQueryResult (http://localhost:3001/_next/static/chunks/045c_convex_dist_esm_0-mau54._.js:6301:44)
    at QueriesObserver.getLocalResults (http://localhost:3001/_next/static/chunks/045c_convex_dist_esm_0-mau54._.js:6678:31)
    at useQueriesHelper.useMemo[subscription] (http://localhost:3001/_next/static/chunks/045c_convex_dist_esm_0-mau54._.js:6810:41)
    at useSubscription.useEffect.checkForUpdates (http://localhost:3001/_next/static/chunks/045c_convex_dist_esm_0-mau54._.js:6050:43)
    at basicStateReducer (http://localhost:3001/_next/static/chunks/0r_m_next_dist_compiled_react-dom_0i43cm-._.js:4797:47)
    at updateReducerImpl (http://localhost:3001/_next/static/chunks/0r_m_next_dist_compiled_react-dom_0i43cm-._.js:4879:79)
    at updateReducer (http://localhost:3001/_next/static/chunks/0r_m_next_dist_compiled_react-dom_0i43cm-._.js:4829:16)
    at Object.useState (http://localhost:3001/_next/static/chunks/0r_m_next_dist_compiled_react-dom_0i43cm-._.js:15492:24)
    at exports.useState (http://localhost:3001/_next/static/chunks/0r_m_next_dist_compiled_0zagswi._.js:1754:36)
    at useSubscription (http://localhost:3001/_next/static/chunks/045c_convex_dist_esm_0-mau54._.js:6021:366)
    at useQueriesHelper (http://localhost:3001/_next/static/chunks/045c_convex_dist_esm_0-mau54._.js:6824:275)
    at useQueries (http://localhost:3001/_next/static/chunks/045c_convex_dist_esm_0-mau54._.js:6790:12)
    at useQuery (http://localhost:3001/_next/static/chunks/045c_convex_dist_esm_0-mau54._.js:6538:274)
    at DashboardPage (http://localhost:3001/_next/static/chunks/_03j1mkb._.js:758:269)
    at Object.react_stack_bottom_frame (http://localhost:3001/_next/static/chunks/0r_m_next_dist_compiled_react-dom_0i43cm-._.js:15037:24)
    at renderWithHooks (http://localhost:3001/_next/static/chunks/0r_m_next_dist_compiled_react-dom_0i43cm-._.js:4620:24)
    at updateFunctionComponent (http://localhost:3001/_next/static/chunks/0r_m_next_dist_compiled_react-dom_0i43cm-._.js:6081:21)
    at beginWork (http://localhost:3001/_next/static/chunks/0r_m_next_dist_compiled_react-dom_0i43cm-._.js:6691:24)
    at runWithFiberInDEV (http://localhost:3001/_next/static/chunks/0r_m_next_dist_compiled_react-dom_0i43cm-._.js:965:74)
    at performUnitOfWork (http://localhost:3001/_next/static/chunks/0r_m_next_dist_compiled_react-dom_0i43cm-._.js:9555:97)
    at workLoopSync (http://localhost:3001/_next/static/chunks/0r_m_next_dist_compiled_react-dom_0i43cm-._.js:9449:40)
    at renderRootSync (http://localhost:3001/_next/static/chunks/0r_m_next_dist_compiled_react-dom_0i43cm-._.js:9433:13)
    at performWorkOnRoot (http://localhost:3001/_next/static/chunks/0r_m_next_dist_compiled_react-dom_0i43cm-._.js:9098:47)
    at performWorkOnRootViaSchedulerTask (http://localhost:3001/_next/static/chunks/0r_m_next_dist_compiled_react-dom_0i43cm-._.js:10255:9)
    at MessagePort.performWorkUntilDeadline (http://localhost:3001/_next/static/chunks/0r_m_next_dist_compiled_0zagswi._.js:2647:64)
[   57399ms] [INFO] %cDownload the React DevTools for a better development experience: https://react.dev/link/react-devtools font-weight:bold @ http://localhost:3001/_next/static/chunks/0r_m_next_dist_13~aa_a._.js:2431
[   57444ms] [LOG] [HMR] connected @ http://localhost:3001/_next/static/chunks/0r_m_next_dist_13~aa_a._.js:2431
[   57623ms] [WARNING] Clerk: Clerk has been loaded with development keys. Development instances have strict usage limits and should not be used when deploying your application to production. Learn more: https://clerk.com/docs/deployments/overview @ http://localhost:3001/_next/static/chunks/0r_m_next_dist_13~aa_a._.js:2431
[   58030ms] Error: [CONVEX Q(orders:listOrders)] [Request ID: 6ff85f8f21e41e98] Server Error
  Called by client
    at OptimisticQueryResults.queryResult (http://localhost:3001/_next/static/chunks/045c_convex_dist_esm_0-mau54._.js:2697:19)
    at BaseConvexClient.localQueryResult (http://localhost:3001/_next/static/chunks/045c_convex_dist_esm_0-mau54._.js:4546:44)
    at Object.localQueryResult (http://localhost:3001/_next/static/chunks/045c_convex_dist_esm_0-mau54._.js:6301:44)
    at QueriesObserver.getLocalResults (http://localhost:3001/_next/static/chunks/045c_convex_dist_esm_0-mau54._.js:6678:31)
    at useQueriesHelper.useMemo[subscription] (http://localhost:3001/_next/static/chunks/045c_convex_dist_esm_0-mau54._.js:6810:41)
    at useSubscription.useEffect.checkForUpdates (http://localhost:3001/_next/static/chunks/045c_convex_dist_esm_0-mau54._.js:6050:43)
    at basicStateReducer (http://localhost:3001/_next/static/chunks/0r_m_next_dist_compiled_react-dom_0i43cm-._.js:4797:47)
    at updateReducerImpl (http://localhost:3001/_next/static/chunks/0r_m_next_dist_compiled_react-dom_0i43cm-._.js:4879:79)
    at updateReducer (http://localhost:3001/_next/static/chunks/0r_m_next_dist_compiled_react-dom_0i43cm-._.js:4829:16)
    at Object.useState (http://localhost:3001/_next/static/chunks/0r_m_next_dist_compiled_react-dom_0i43cm-._.js:15492:24)
    at exports.useState (http://localhost:3001/_next/static/chunks/0r_m_next_dist_compiled_0zagswi._.js:1754:36)
    at useSubscription (http://localhost:3001/_next/static/chunks/045c_convex_dist_esm_0-mau54._.js:6021:366)
    at useQueriesHelper (http://localhost:3001/_next/static/chunks/045c_convex_dist_esm_0-mau54._.js:6824:275)
    at useQueries (http://localhost:3001/_next/static/chunks/045c_convex_dist_esm_0-mau54._.js:6790:12)
    at useQuery (http://localhost:3001/_next/static/chunks/045c_convex_dist_esm_0-mau54._.js:6538:274)
    at DashboardPage (http://localhost:3001/_next/static/chunks/_03j1mkb._.js:758:269)
    at Object.react_stack_bottom_frame (http://localhost:3001/_next/static/chunks/0r_m_next_dist_compiled_react-dom_0i43cm-._.js:15037:24)
    at renderWithHooks (http://localhost:3001/_next/static/chunks/0r_m_next_dist_compiled_react-dom_0i43cm-._.js:4620:24)
    at updateFunctionComponent (http://localhost:3001/_next/static/chunks/0r_m_next_dist_compiled_react-dom_0i43cm-._.js:6081:21)
    at beginWork (http://localhost:3001/_next/static/chunks/0r_m_next_dist_compiled_react-dom_0i43cm-._.js:6691:24)
    at runWithFiberInDEV (http://localhost:3001/_next/static/chunks/0r_m_next_dist_compiled_react-dom_0i43cm-._.js:965:74)
    at performUnitOfWork (http://localhost:3001/_next/static/chunks/0r_m_next_dist_compiled_react-dom_0i43cm-._.js:9555:97)
    at workLoopSync (http://localhost:3001/_next/static/chunks/0r_m_next_dist_compiled_react-dom_0i43cm-._.js:9449:40)
    at renderRootSync (http://localhost:3001/_next/static/chunks/0r_m_next_dist_compiled_react-dom_0i43cm-._.js:9433:13)
    at performWorkOnRoot (http://localhost:3001/_next/static/chunks/0r_m_next_dist_compiled_react-dom_0i43cm-._.js:9098:47)
    at performWorkOnRootViaSchedulerTask (http://localhost:3001/_next/static/chunks/0r_m_next_dist_compiled_react-dom_0i43cm-._.js:10255:9)
    at MessagePort.performWorkUntilDeadline (http://localhost:3001/_next/static/chunks/0r_m_next_dist_compiled_0zagswi._.js:2647:64)
